<?xml version="1.0" encoding="UTF-8"?>
<testng-results skipped="0" failed="0" ignored="0" total="1" passed="1">
  <reporter-output>
  </reporter-output>
  <suite name="Default suite" duration-ms="3912" started-at="2021-09-19T23:56:10 COT" finished-at="2021-09-19T23:56:14 COT">
    <groups>
    </groups>
    <test name="Default test" duration-ms="3912" started-at="2021-09-19T23:56:10 COT" finished-at="2021-09-19T23:56:14 COT">
      <class name="pruebasendtoend.FluentWaitClase">
        <test-method status="PASS" signature="fluentWaitMetodo()[pri:0, instance:pruebasendtoend.FluentWaitClase@35b74c5c]" name="fluentWaitMetodo" duration-ms="3837" started-at="2021-09-19T23:56:10 COT" finished-at="2021-09-19T23:56:13 COT">
          <reporter-output>
          </reporter-output>
        </test-method> <!-- fluentWaitMetodo -->
      </class> <!-- pruebasendtoend.FluentWaitClase -->
    </test> <!-- Default test -->
  </suite> <!-- Default suite -->
</testng-results>
